app/build/intermediates/manifest_merge_blame_file/release/processReleaseMainManifest/manifest-merger-blame-release-report.txt
1<?xml version="1.0" encoding="utf-8"?>
2<manifest xmlns:android="http://schemas.android.com/apk/res/android"
3    package="kr.ac.nsu.hakbokgs"
4    android:versionCode="1"
5    android:versionName="1.0" >
6
7    <uses-sdk
8        android:minSdkVersion="26"
9        android:targetSdkVersion="33" /> <!-- ✅ 이 줄 추가! -->
10    <uses-permission android:name="android.permission.INTERNET" />
10-->src\main\AndroidManifest.xml:4:5-67
10-->src\main\AndroidManifest.xml:4:22-64
11    <uses-permission android:name="android.permission.ACCESS_NETWORK_STATE" />
11-->[com.google.firebase:firebase-auth:23.2.0] AndroidManifest.xml:26:5-79
11-->[com.google.firebase:firebase-auth:23.2.0] AndroidManifest.xml:26:22-76
12    <uses-permission android:name="android.permission.WAKE_LOCK" />
12-->[com.google.android.gms:play-services-measurement:22.3.0] AndroidManifest.xml:25:5-68
12-->[com.google.android.gms:play-services-measurement:22.3.0] AndroidManifest.xml:25:22-65
13    <uses-permission android:name="com.google.android.finsky.permission.BIND_GET_INSTALL_REFERRER_SERVICE" />
13-->[com.google.android.gms:play-services-measurement:22.3.0] AndroidManifest.xml:26:5-110
13-->[com.google.android.gms:play-services-measurement:22.3.0] AndroidManifest.xml:26:22-107
14    <uses-permission android:name="com.google.android.gms.permission.AD_ID" />
14-->[com.google.android.gms:play-services-measurement-api:22.3.0] AndroidManifest.xml:25:5-79
14-->[com.google.android.gms:play-services-measurement-api:22.3.0] AndroidManifest.xml:25:22-76
15    <uses-permission android:name="android.permission.ACCESS_ADSERVICES_ATTRIBUTION" />
15-->[com.google.android.gms:play-services-measurement-api:22.3.0] AndroidManifest.xml:26:5-88
15-->[com.google.android.gms:play-services-measurement-api:22.3.0] AndroidManifest.xml:26:22-85
16    <uses-permission android:name="android.permission.ACCESS_ADSERVICES_AD_ID" />
16-->[com.google.android.gms:play-services-measurement-api:22.3.0] AndroidManifest.xml:27:5-82
16-->[com.google.android.gms:play-services-measurement-api:22.3.0] AndroidManifest.xml:27:22-79
17    <uses-permission android:name="com.google.android.providers.gsf.permission.READ_GSERVICES" />
17-->[com.google.android.recaptcha:recaptcha:18.6.1] AndroidManifest.xml:9:5-98
17-->[com.google.android.recaptcha:recaptcha:18.6.1] AndroidManifest.xml:9:22-95
18
19    <permission
19-->[androidx.core:core:1.13.1] AndroidManifest.xml:22:5-24:47
20        android:name="kr.ac.nsu.hakbokgs.DYNAMIC_RECEIVER_NOT_EXPORTED_PERMISSION"
20-->[androidx.core:core:1.13.1] AndroidManifest.xml:23:9-81
21        android:protectionLevel="signature" />
21-->[androidx.core:core:1.13.1] AndroidManifest.xml:24:9-44
22
23    <uses-permission android:name="kr.ac.nsu.hakbokgs.DYNAMIC_RECEIVER_NOT_EXPORTED_PERMISSION" />
23-->[androidx.core:core:1.13.1] AndroidManifest.xml:26:5-97
23-->[androidx.core:core:1.13.1] AndroidManifest.xml:26:22-94
24
25    <application
25-->src\main\AndroidManifest.xml:6:5-214:19
26        android:name="kr.ac.nsu.hakbokgs.main.MyApplication"
26-->src\main\AndroidManifest.xml:7:9-43
27        android:allowBackup="true"
27-->src\main\AndroidManifest.xml:8:9-35
28        android:appComponentFactory="androidx.core.app.CoreComponentFactory"
28-->[androidx.core:core:1.13.1] AndroidManifest.xml:28:18-86
29        android:dataExtractionRules="@xml/data_extraction_rules"
29-->src\main\AndroidManifest.xml:9:9-65
30        android:extractNativeLibs="false"
31        android:fullBackupContent="@xml/backup_rules"
31-->src\main\AndroidManifest.xml:10:9-54
32        android:icon="@mipmap/ic_launcher"
32-->src\main\AndroidManifest.xml:11:9-43
33        android:label="@string/app_name"
33-->src\main\AndroidManifest.xml:12:9-41
34        android:roundIcon="@mipmap/ic_launcher_round"
34-->src\main\AndroidManifest.xml:13:9-54
35        android:supportsRtl="true"
35-->src\main\AndroidManifest.xml:14:9-35
36        android:theme="@style/Theme.HacbokGS" >
36-->src\main\AndroidManifest.xml:15:9-46
37
38        <!-- GoogleLogin을 기본 런처로 설정 -->
39        <activity
39-->src\main\AndroidManifest.xml:18:9-27:20
40            android:name="kr.ac.nsu.hakbokgs.login.GoogleLogin"
40-->src\main\AndroidManifest.xml:19:13-46
41            android:exported="true"
41-->src\main\AndroidManifest.xml:20:13-36
42            android:label="@string/app_name"
42-->src\main\AndroidManifest.xml:21:13-45
43            android:theme="@style/Theme.HacbokGS" >
43-->src\main\AndroidManifest.xml:22:13-50
44            <intent-filter>
44-->src\main\AndroidManifest.xml:23:13-26:29
45                <action android:name="android.intent.action.MAIN" />
45-->src\main\AndroidManifest.xml:24:17-69
45-->src\main\AndroidManifest.xml:24:25-66
46
47                <category android:name="android.intent.category.LAUNCHER" />
47-->src\main\AndroidManifest.xml:25:17-77
47-->src\main\AndroidManifest.xml:25:27-74
48            </intent-filter>
49        </activity>
50
51        <!-- 추가: UserInformation 액티비티 (회원 정보 입력 화면) -->
52        <activity
52-->src\main\AndroidManifest.xml:30:9-36:20
53            android:name="kr.ac.nsu.hakbokgs.login.UserInformation"
53-->src\main\AndroidManifest.xml:31:13-50
54            android:exported="false"
54-->src\main\AndroidManifest.xml:32:13-37
55            android:label="User Info"
55-->src\main\AndroidManifest.xml:33:13-38
56            android:theme="@style/Theme.HacbokGS" >
56-->src\main\AndroidManifest.xml:34:13-50
57        </activity>
58
59        <!-- MainActivity: 런처에서 제거 -->
60        <activity
60-->src\main\AndroidManifest.xml:39:9-44:20
61            android:name="kr.ac.nsu.hakbokgs.main.MainActivity"
61-->src\main\AndroidManifest.xml:40:13-46
62            android:exported="true"
62-->src\main\AndroidManifest.xml:41:13-36
63            android:label="Main"
63-->src\main\AndroidManifest.xml:42:13-33
64            android:theme="@style/Theme.HacbokGS" >
64-->src\main\AndroidManifest.xml:43:13-50
65        </activity>
66
67        <!-- AdActivity ======================================== -->
68        <activity
68-->src\main\AndroidManifest.xml:47:9-52:20
69            android:name="kr.ac.nsu.hakbokgs.main.advertising.AdActivity"
69-->src\main\AndroidManifest.xml:48:13-56
70            android:exported="true"
70-->src\main\AndroidManifest.xml:49:13-36
71            android:label="AdActivity"
71-->src\main\AndroidManifest.xml:50:13-39
72            android:theme="@style/Theme.HacbokGS" >
72-->src\main\AndroidManifest.xml:51:13-50
73        </activity>
74
75        <!-- MypageActivity ======================================== -->
76        <activity
76-->src\main\AndroidManifest.xml:55:9-60:20
77            android:name="kr.ac.nsu.hakbokgs.main.mypage.MypageActivity"
77-->src\main\AndroidManifest.xml:56:13-55
78            android:exported="true"
78-->src\main\AndroidManifest.xml:57:13-36
79            android:label="My Page"
79-->src\main\AndroidManifest.xml:58:13-36
80            android:theme="@style/Theme.HacbokGS" >
80-->src\main\AndroidManifest.xml:59:13-50
81        </activity>
82
83        <!-- MapActivity ======================================== -->
84        <activity
84-->src\main\AndroidManifest.xml:63:9-68:20
85            android:name="kr.ac.nsu.hakbokgs.main.map.MapActivity"
85-->src\main\AndroidManifest.xml:64:13-49
86            android:exported="true"
86-->src\main\AndroidManifest.xml:65:13-36
87            android:label="Map"
87-->src\main\AndroidManifest.xml:66:13-32
88            android:theme="@style/Theme.HacbokGS" >
88-->src\main\AndroidManifest.xml:67:13-50
89        </activity>
90
91        <!-- 오늘의 메뉴 ======================================== -->
92        <activity
92-->src\main\AndroidManifest.xml:72:9-76:53
93            android:name="kr.ac.nsu.hakbokgs.main.todaymenu.TodayMenuActivity"
93-->src\main\AndroidManifest.xml:73:13-61
94            android:exported="true"
94-->src\main\AndroidManifest.xml:74:13-36
95            android:label="오늘의 메뉴"
95-->src\main\AndroidManifest.xml:75:13-35
96            android:theme="@style/Theme.HacbokGS" />
96-->src\main\AndroidManifest.xml:76:13-50
97
98        <!-- 게시판 ======================================== -->
99        <!-- 게시판 홈 -->
100        <activity
100-->src\main\AndroidManifest.xml:81:9-85:20
101            android:name="kr.ac.nsu.hakbokgs.main.chat.ChatBoardHomeActivity"
101-->src\main\AndroidManifest.xml:82:13-60
102            android:exported="true"
102-->src\main\AndroidManifest.xml:83:13-36
103            android:theme="@style/Theme.HacbokGS" >
103-->src\main\AndroidManifest.xml:84:13-50
104        </activity>
105
106        <!-- 게시글 목록 -->
107        <activity
107-->src\main\AndroidManifest.xml:88:9-91:53
108            android:name="kr.ac.nsu.hakbokgs.main.chat.ChatListActivity"
108-->src\main\AndroidManifest.xml:89:13-55
109            android:exported="true"
109-->src\main\AndroidManifest.xml:90:13-36
110            android:theme="@style/Theme.HacbokGS" />
110-->src\main\AndroidManifest.xml:91:13-50
111
112        <!-- 게시글 작성 -->
113        <activity
113-->src\main\AndroidManifest.xml:94:9-98:58
114            android:name="kr.ac.nsu.hakbokgs.main.chat.ChatWriteActivity"
114-->src\main\AndroidManifest.xml:95:13-56
115            android:exported="true"
115-->src\main\AndroidManifest.xml:96:13-36
116            android:theme="@style/Theme.HacbokGS"
116-->src\main\AndroidManifest.xml:97:13-50
117            android:windowSoftInputMode="adjustResize" />
117-->src\main\AndroidManifest.xml:98:13-55
118
119        <!-- 게시글 상세 보기 -->
120        <activity
120-->src\main\AndroidManifest.xml:101:9-105:58
121            android:name="kr.ac.nsu.hakbokgs.main.chat.ChatDetailActivity"
121-->src\main\AndroidManifest.xml:102:13-57
122            android:exported="true"
122-->src\main\AndroidManifest.xml:103:13-36
123            android:theme="@style/Theme.HacbokGS"
123-->src\main\AndroidManifest.xml:104:13-50
124            android:windowSoftInputMode="adjustResize" />
124-->src\main\AndroidManifest.xml:105:13-55
125
126        <!-- 주문하기 ======================================== -->
127        <!-- 가게 리스트 -->
128        <activity
128-->src\main\AndroidManifest.xml:110:9-114:20
129            android:name="kr.ac.nsu.hakbokgs.main.store.RestaurantListActivity"
129-->src\main\AndroidManifest.xml:111:13-62
130            android:exported="true"
130-->src\main\AndroidManifest.xml:112:13-36
131            android:theme="@style/Theme.HacbokGS" >
131-->src\main\AndroidManifest.xml:113:13-50
132        </activity>
133
134        <!-- 햄버거 메인 화면 (런처 X) -->
135        <activity
135-->src\main\AndroidManifest.xml:117:9-120:53
136            android:name="kr.ac.nsu.hakbokgs.main.store.hamburger.main.BurgerMainActivity"
136-->src\main\AndroidManifest.xml:118:13-73
137            android:exported="true"
137-->src\main\AndroidManifest.xml:119:13-36
138            android:theme="@style/Theme.HacbokGS" />
138-->src\main\AndroidManifest.xml:120:13-50
139        <!-- 햄버거 리스트 화면 -->
140        <activity
140-->src\main\AndroidManifest.xml:122:9-125:53
141            android:name="kr.ac.nsu.hakbokgs.main.store.hamburger.main.BurgerListActivity"
141-->src\main\AndroidManifest.xml:123:13-73
142            android:exported="false"
142-->src\main\AndroidManifest.xml:124:13-37
143            android:theme="@style/Theme.HacbokGS" />
143-->src\main\AndroidManifest.xml:125:13-50
144
145        <!-- 꾸이한끼 메인 화면 -->
146        <activity
146-->src\main\AndroidManifest.xml:128:9-131:53
147            android:name="kr.ac.nsu.hakbokgs.main.store.kkuihankki.main.KkuiMainActivity"
147-->src\main\AndroidManifest.xml:129:13-72
148            android:exported="true"
148-->src\main\AndroidManifest.xml:130:13-36
149            android:theme="@style/Theme.HacbokGS" />
149-->src\main\AndroidManifest.xml:131:13-50
150        <!-- 꾸이한끼 리스트 화면 -->
151        <activity
151-->src\main\AndroidManifest.xml:133:9-136:53
152            android:name="kr.ac.nsu.hakbokgs.main.store.kkuihankki.main.KkuiListActivity"
152-->src\main\AndroidManifest.xml:134:13-72
153            android:exported="false"
153-->src\main\AndroidManifest.xml:135:13-37
154            android:theme="@style/Theme.HacbokGS" />
154-->src\main\AndroidManifest.xml:136:13-50
155
156        <!-- 쑝쑝돈가스 메인 화면 -->
157        <activity
157-->src\main\AndroidManifest.xml:139:9-142:53
158            android:name="kr.ac.nsu.hakbokgs.main.store.syongsyong.main.SsyongMainActivity"
158-->src\main\AndroidManifest.xml:140:13-74
159            android:exported="true"
159-->src\main\AndroidManifest.xml:141:13-36
160            android:theme="@style/Theme.HacbokGS" />
160-->src\main\AndroidManifest.xml:142:13-50
161        <!-- 쑝쑝돈가스 리스트 화면 -->
162        <activity
162-->src\main\AndroidManifest.xml:144:9-147:53
163            android:name="kr.ac.nsu.hakbokgs.main.store.syongsyong.main.SsyongListActivity"
163-->src\main\AndroidManifest.xml:145:13-74
164            android:exported="false"
164-->src\main\AndroidManifest.xml:146:13-37
165            android:theme="@style/Theme.HacbokGS" />
165-->src\main\AndroidManifest.xml:147:13-50
166
167        <!-- 태산김치찜 메인 화면 -->
168        <activity
168-->src\main\AndroidManifest.xml:150:9-153:53
169            android:name="kr.ac.nsu.hakbokgs.main.store.taesan.main.TaesanMainActivity"
169-->src\main\AndroidManifest.xml:151:13-70
170            android:exported="true"
170-->src\main\AndroidManifest.xml:152:13-36
171            android:theme="@style/Theme.HacbokGS" />
171-->src\main\AndroidManifest.xml:153:13-50
172        <!-- 태산김치찜 리스트 화면 -->
173        <activity
173-->src\main\AndroidManifest.xml:155:9-158:53
174            android:name="kr.ac.nsu.hakbokgs.main.store.taesan.main.TaesanListActivity"
174-->src\main\AndroidManifest.xml:156:13-70
175            android:exported="false"
175-->src\main\AndroidManifest.xml:157:13-37
176            android:theme="@style/Theme.HacbokGS" />
176-->src\main\AndroidManifest.xml:158:13-50
177
178        <!-- 메뉴 리스트 화면 -->
179        <activity
179-->src\main\AndroidManifest.xml:161:9-164:53
180            android:name="kr.ac.nsu.hakbokgs.main.store.hamburger.main.MenuListActivity"
180-->src\main\AndroidManifest.xml:162:13-71
181            android:exported="false"
181-->src\main\AndroidManifest.xml:163:13-37
182            android:theme="@style/Theme.HacbokGS" />
182-->src\main\AndroidManifest.xml:164:13-50
183        <activity
183-->src\main\AndroidManifest.xml:166:9-169:53
184            android:name="kr.ac.nsu.hakbokgs.main.store.kkuihankki.main.MenuListActivity"
184-->src\main\AndroidManifest.xml:167:13-72
185            android:exported="false"
185-->src\main\AndroidManifest.xml:168:13-37
186            android:theme="@style/Theme.HacbokGS" />
186-->src\main\AndroidManifest.xml:169:13-50
187        <activity
187-->src\main\AndroidManifest.xml:171:9-174:53
188            android:name="kr.ac.nsu.hakbokgs.main.store.syongsyong.main.MenuListActivity"
188-->src\main\AndroidManifest.xml:172:13-72
189            android:exported="false"
189-->src\main\AndroidManifest.xml:173:13-37
190            android:theme="@style/Theme.HacbokGS" />
190-->src\main\AndroidManifest.xml:174:13-50
191        <activity
191-->src\main\AndroidManifest.xml:176:9-179:53
192            android:name="kr.ac.nsu.hakbokgs.main.store.taesan.main.MenuListActivity"
192-->src\main\AndroidManifest.xml:177:13-68
193            android:exported="false"
193-->src\main\AndroidManifest.xml:178:13-37
194            android:theme="@style/Theme.HacbokGS" />
194-->src\main\AndroidManifest.xml:179:13-50
195
196        <!-- 장바구니 ======================================== -->
197        <activity
197-->src\main\AndroidManifest.xml:182:9-185:53
198            android:name="kr.ac.nsu.hakbokgs.main.store.cart.BasketActivity"
198-->src\main\AndroidManifest.xml:183:13-59
199            android:exported="true"
199-->src\main\AndroidManifest.xml:184:13-36
200            android:theme="@style/Theme.HacbokGS" />
200-->src\main\AndroidManifest.xml:185:13-50
201
202        <!-- 결제 ======================================== -->
203        <activity
203-->src\main\AndroidManifest.xml:189:9-192:53
204            android:name="kr.ac.nsu.hakbokgs.main.store.cart.PayActivity"
204-->src\main\AndroidManifest.xml:190:13-56
205            android:exported="false"
205-->src\main\AndroidManifest.xml:191:13-37
206            android:theme="@style/Theme.HacbokGS" />
206-->src\main\AndroidManifest.xml:192:13-50
207
208        <!-- 로딩 ======================================== -->
209        <activity
209-->src\main\AndroidManifest.xml:195:9-198:53
210            android:name="kr.ac.nsu.hakbokgs.main.store.cart.LoadingActivity"
210-->src\main\AndroidManifest.xml:196:13-60
211            android:exported="false"
211-->src\main\AndroidManifest.xml:197:13-37
212            android:theme="@style/Theme.HacbokGS" />
212-->src\main\AndroidManifest.xml:198:13-50
213
214        <!-- 주문 내역 ======================================== -->
215        <!-- 전체 주문 내역 -->
216        <activity
216-->src\main\AndroidManifest.xml:203:9-206:53
217            android:name="kr.ac.nsu.hakbokgs.main.store.order.OrderHistoryActivity"
217-->src\main\AndroidManifest.xml:204:13-66
218            android:exported="false"
218-->src\main\AndroidManifest.xml:205:13-37
219            android:theme="@style/Theme.HacbokGS" />
219-->src\main\AndroidManifest.xml:206:13-50
220
221        <!-- 상세 주문 내역 -->
222        <activity
222-->src\main\AndroidManifest.xml:209:9-212:53
223            android:name="kr.ac.nsu.hakbokgs.main.store.order.OrderDetailCompleteActivity"
223-->src\main\AndroidManifest.xml:210:13-73
224            android:exported="false"
224-->src\main\AndroidManifest.xml:211:13-37
225            android:theme="@style/Theme.HacbokGS" />
225-->src\main\AndroidManifest.xml:212:13-50
226
227        <service
227-->[com.google.firebase:firebase-auth-ktx:23.2.0] AndroidManifest.xml:8:9-14:19
228            android:name="com.google.firebase.components.ComponentDiscoveryService"
228-->[com.google.firebase:firebase-auth-ktx:23.2.0] AndroidManifest.xml:9:13-84
229            android:directBootAware="true"
229-->[com.google.firebase:firebase-common:21.0.0] AndroidManifest.xml:32:13-43
230            android:exported="false" >
230-->[com.google.firebase:firebase-auth-ktx:23.2.0] AndroidManifest.xml:10:13-37
231            <meta-data
231-->[com.google.firebase:firebase-auth-ktx:23.2.0] AndroidManifest.xml:11:13-13:85
232                android:name="com.google.firebase.components:com.google.firebase.auth.ktx.FirebaseAuthLegacyRegistrar"
232-->[com.google.firebase:firebase-auth-ktx:23.2.0] AndroidManifest.xml:12:17-119
233                android:value="com.google.firebase.components.ComponentRegistrar" />
233-->[com.google.firebase:firebase-auth-ktx:23.2.0] AndroidManifest.xml:13:17-82
234            <meta-data
234-->[com.google.firebase:firebase-auth:23.2.0] AndroidManifest.xml:69:13-71:85
235                android:name="com.google.firebase.components:com.google.firebase.auth.FirebaseAuthRegistrar"
235-->[com.google.firebase:firebase-auth:23.2.0] AndroidManifest.xml:70:17-109
236                android:value="com.google.firebase.components.ComponentRegistrar" />
236-->[com.google.firebase:firebase-auth:23.2.0] AndroidManifest.xml:71:17-82
237            <meta-data
237-->[com.google.firebase:firebase-firestore:25.1.2] AndroidManifest.xml:17:13-19:85
238                android:name="com.google.firebase.components:com.google.firebase.firestore.FirebaseFirestoreKtxRegistrar"
238-->[com.google.firebase:firebase-firestore:25.1.2] AndroidManifest.xml:18:17-122
239                android:value="com.google.firebase.components.ComponentRegistrar" />
239-->[com.google.firebase:firebase-firestore:25.1.2] AndroidManifest.xml:19:17-82
240            <meta-data
240-->[com.google.firebase:firebase-firestore:25.1.2] AndroidManifest.xml:20:13-22:85
241                android:name="com.google.firebase.components:com.google.firebase.firestore.FirestoreRegistrar"
241-->[com.google.firebase:firebase-firestore:25.1.2] AndroidManifest.xml:21:17-111
242                android:value="com.google.firebase.components.ComponentRegistrar" />
242-->[com.google.firebase:firebase-firestore:25.1.2] AndroidManifest.xml:22:17-82
243            <meta-data
243-->[com.google.android.gms:play-services-measurement-api:22.3.0] AndroidManifest.xml:33:13-35:85
244                android:name="com.google.firebase.components:com.google.firebase.analytics.connector.internal.AnalyticsConnectorRegistrar"
244-->[com.google.android.gms:play-services-measurement-api:22.3.0] AndroidManifest.xml:34:17-139
245                android:value="com.google.firebase.components.ComponentRegistrar" />
245-->[com.google.android.gms:play-services-measurement-api:22.3.0] AndroidManifest.xml:35:17-82
246            <meta-data
246-->[com.google.firebase:firebase-storage:21.0.1] AndroidManifest.xml:30:13-32:85
247                android:name="com.google.firebase.components:com.google.firebase.storage.FirebaseStorageKtxRegistrar"
247-->[com.google.firebase:firebase-storage:21.0.1] AndroidManifest.xml:31:17-118
248                android:value="com.google.firebase.components.ComponentRegistrar" />
248-->[com.google.firebase:firebase-storage:21.0.1] AndroidManifest.xml:32:17-82
249            <meta-data
249-->[com.google.firebase:firebase-storage:21.0.1] AndroidManifest.xml:33:13-35:85
250                android:name="com.google.firebase.components:com.google.firebase.storage.StorageRegistrar"
250-->[com.google.firebase:firebase-storage:21.0.1] AndroidManifest.xml:34:17-107
251                android:value="com.google.firebase.components.ComponentRegistrar" />
251-->[com.google.firebase:firebase-storage:21.0.1] AndroidManifest.xml:35:17-82
252            <meta-data
252-->[com.google.firebase:firebase-appcheck:18.0.0] AndroidManifest.xml:25:13-27:85
253                android:name="com.google.firebase.components:com.google.firebase.appcheck.FirebaseAppCheckKtxRegistrar"
253-->[com.google.firebase:firebase-appcheck:18.0.0] AndroidManifest.xml:26:17-120
254                android:value="com.google.firebase.components.ComponentRegistrar" />
254-->[com.google.firebase:firebase-appcheck:18.0.0] AndroidManifest.xml:27:17-82
255            <meta-data
255-->[com.google.firebase:firebase-appcheck:18.0.0] AndroidManifest.xml:28:13-30:85
256                android:name="com.google.firebase.components:com.google.firebase.appcheck.FirebaseAppCheckRegistrar"
256-->[com.google.firebase:firebase-appcheck:18.0.0] AndroidManifest.xml:29:17-117
257                android:value="com.google.firebase.components.ComponentRegistrar" />
257-->[com.google.firebase:firebase-appcheck:18.0.0] AndroidManifest.xml:30:17-82
258            <meta-data
258-->[com.google.firebase:firebase-installations:18.0.0] AndroidManifest.xml:15:13-17:85
259                android:name="com.google.firebase.components:com.google.firebase.installations.FirebaseInstallationsKtxRegistrar"
259-->[com.google.firebase:firebase-installations:18.0.0] AndroidManifest.xml:16:17-130
260                android:value="com.google.firebase.components.ComponentRegistrar" />
260-->[com.google.firebase:firebase-installations:18.0.0] AndroidManifest.xml:17:17-82
261            <meta-data
261-->[com.google.firebase:firebase-installations:18.0.0] AndroidManifest.xml:18:13-20:85
262                android:name="com.google.firebase.components:com.google.firebase.installations.FirebaseInstallationsRegistrar"
262-->[com.google.firebase:firebase-installations:18.0.0] AndroidManifest.xml:19:17-127
263                android:value="com.google.firebase.components.ComponentRegistrar" />
263-->[com.google.firebase:firebase-installations:18.0.0] AndroidManifest.xml:20:17-82
264            <meta-data
264-->[com.google.firebase:firebase-common-ktx:21.0.0] AndroidManifest.xml:12:13-14:85
265                android:name="com.google.firebase.components:com.google.firebase.ktx.FirebaseCommonLegacyRegistrar"
265-->[com.google.firebase:firebase-common-ktx:21.0.0] AndroidManifest.xml:13:17-116
266                android:value="com.google.firebase.components.ComponentRegistrar" />
266-->[com.google.firebase:firebase-common-ktx:21.0.0] AndroidManifest.xml:14:17-82
267            <meta-data
267-->[com.google.firebase:firebase-common:21.0.0] AndroidManifest.xml:35:13-37:85
268                android:name="com.google.firebase.components:com.google.firebase.FirebaseCommonKtxRegistrar"
268-->[com.google.firebase:firebase-common:21.0.0] AndroidManifest.xml:36:17-109
269                android:value="com.google.firebase.components.ComponentRegistrar" />
269-->[com.google.firebase:firebase-common:21.0.0] AndroidManifest.xml:37:17-82
270        </service>
271
272        <activity
272-->[com.google.firebase:firebase-auth:23.2.0] AndroidManifest.xml:29:9-46:20
273            android:name="com.google.firebase.auth.internal.GenericIdpActivity"
273-->[com.google.firebase:firebase-auth:23.2.0] AndroidManifest.xml:30:13-80
274            android:excludeFromRecents="true"
274-->[com.google.firebase:firebase-auth:23.2.0] AndroidManifest.xml:31:13-46
275            android:exported="true"
275-->[com.google.firebase:firebase-auth:23.2.0] AndroidManifest.xml:32:13-36
276            android:launchMode="singleTask"
276-->[com.google.firebase:firebase-auth:23.2.0] AndroidManifest.xml:33:13-44
277            android:theme="@android:style/Theme.Translucent.NoTitleBar" >
277-->[com.google.firebase:firebase-auth:23.2.0] AndroidManifest.xml:34:13-72
278            <intent-filter>
278-->[com.google.firebase:firebase-auth:23.2.0] AndroidManifest.xml:35:13-45:29
279                <action android:name="android.intent.action.VIEW" />
279-->[com.google.firebase:firebase-auth:23.2.0] AndroidManifest.xml:36:17-69
279-->[com.google.firebase:firebase-auth:23.2.0] AndroidManifest.xml:36:25-66
280
281                <category android:name="android.intent.category.DEFAULT" />
281-->[com.google.firebase:firebase-auth:23.2.0] AndroidManifest.xml:38:17-76
281-->[com.google.firebase:firebase-auth:23.2.0] AndroidManifest.xml:38:27-73
282                <category android:name="android.intent.category.BROWSABLE" />
282-->[com.google.firebase:firebase-auth:23.2.0] AndroidManifest.xml:39:17-78
282-->[com.google.firebase:firebase-auth:23.2.0] AndroidManifest.xml:39:27-75
283
284                <data
284-->[com.google.firebase:firebase-auth:23.2.0] AndroidManifest.xml:41:17-44:51
285                    android:host="firebase.auth"
285-->[com.google.firebase:firebase-auth:23.2.0] AndroidManifest.xml:42:21-49
286                    android:path="/"
286-->[com.google.firebase:firebase-auth:23.2.0] AndroidManifest.xml:43:21-37
287                    android:scheme="genericidp" />
287-->[com.google.firebase:firebase-auth:23.2.0] AndroidManifest.xml:44:21-48
288            </intent-filter>
289        </activity>
290        <activity
290-->[com.google.firebase:firebase-auth:23.2.0] AndroidManifest.xml:47:9-64:20
291            android:name="com.google.firebase.auth.internal.RecaptchaActivity"
291-->[com.google.firebase:firebase-auth:23.2.0] AndroidManifest.xml:48:13-79
292            android:excludeFromRecents="true"
292-->[com.google.firebase:firebase-auth:23.2.0] AndroidManifest.xml:49:13-46
293            android:exported="true"
293-->[com.google.firebase:firebase-auth:23.2.0] AndroidManifest.xml:50:13-36
294            android:launchMode="singleTask"
294-->[com.google.firebase:firebase-auth:23.2.0] AndroidManifest.xml:51:13-44
295            android:theme="@android:style/Theme.Translucent.NoTitleBar" >
295-->[com.google.firebase:firebase-auth:23.2.0] AndroidManifest.xml:52:13-72
296            <intent-filter>
296-->[com.google.firebase:firebase-auth:23.2.0] AndroidManifest.xml:53:13-63:29
297                <action android:name="android.intent.action.VIEW" />
297-->[com.google.firebase:firebase-auth:23.2.0] AndroidManifest.xml:36:17-69
297-->[com.google.firebase:firebase-auth:23.2.0] AndroidManifest.xml:36:25-66
298
299                <category android:name="android.intent.category.DEFAULT" />
299-->[com.google.firebase:firebase-auth:23.2.0] AndroidManifest.xml:38:17-76
299-->[com.google.firebase:firebase-auth:23.2.0] AndroidManifest.xml:38:27-73
300                <category android:name="android.intent.category.BROWSABLE" />
300-->[com.google.firebase:firebase-auth:23.2.0] AndroidManifest.xml:39:17-78
300-->[com.google.firebase:firebase-auth:23.2.0] AndroidManifest.xml:39:27-75
301
302                <data
302-->[com.google.firebase:firebase-auth:23.2.0] AndroidManifest.xml:41:17-44:51
303                    android:host="firebase.auth"
303-->[com.google.firebase:firebase-auth:23.2.0] AndroidManifest.xml:42:21-49
304                    android:path="/"
304-->[com.google.firebase:firebase-auth:23.2.0] AndroidManifest.xml:43:21-37
305                    android:scheme="recaptcha" />
305-->[com.google.firebase:firebase-auth:23.2.0] AndroidManifest.xml:44:21-48
306            </intent-filter>
307        </activity>
308
309        <service
309-->[androidx.credentials:credentials-play-services-auth:1.2.0-rc01] AndroidManifest.xml:24:9-32:19
310            android:name="androidx.credentials.playservices.CredentialProviderMetadataHolder"
310-->[androidx.credentials:credentials-play-services-auth:1.2.0-rc01] AndroidManifest.xml:25:13-94
311            android:enabled="true"
311-->[androidx.credentials:credentials-play-services-auth:1.2.0-rc01] AndroidManifest.xml:26:13-35
312            android:exported="false" >
312-->[androidx.credentials:credentials-play-services-auth:1.2.0-rc01] AndroidManifest.xml:27:13-37
313            <meta-data
313-->[androidx.credentials:credentials-play-services-auth:1.2.0-rc01] AndroidManifest.xml:29:13-31:104
314                android:name="androidx.credentials.CREDENTIAL_PROVIDER_KEY"
314-->[androidx.credentials:credentials-play-services-auth:1.2.0-rc01] AndroidManifest.xml:30:17-76